SF:lib/fonctionnalites/lister_pokemons/domaine/cas_utilisation/recuperer_pokemon_id.dart
DA:11,1
DA:13,1
DA:14,4
DA:20,1
LF:4
LH:4
end_of_record
SF:lib/fonctionnalites/lister_pokemons/domaine/entites/pokemon.dart
DA:13,4
DA:22,2
DA:24,16
LF:3
LH:3
end_of_record
SF:lib/socle/erreur/erreur.dart
DA:6,1
DA:8,1
DA:9,1
LF:3
LH:3
end_of_record
SF:lib/fonctionnalites/lister_pokemons/donnees/depot/depot_pokemons_impl.dart
DA:16,1
DA:20,1
DA:22,3
DA:23,2
DA:24,2
DA:26,1
DA:29,3
DA:30,2
DA:31,1
DA:32,1
DA:33,2
DA:37,1
DA:39,3
DA:40,1
DA:41,1
DA:42,2
LF:16
LH:16
end_of_record
SF:lib/fonctionnalites/lister_pokemons/donnees/distante/modele/modele_pokemon.dart
DA:5,3
DA:13,3
DA:22,2
DA:23,2
DA:24,2
DA:25,2
DA:26,2
DA:27,2
DA:28,4
DA:29,4
DA:30,4
DA:33,0
DA:34,0
LF:13
LH:11
end_of_record
SF:lib/fonctionnalites/lister_pokemons/donnees/distante/source/source_distante_pokemons_impl.dart
DA:12,1
DA:15,1
DA:16,3
DA:17,1
DA:18,1
DA:21,4
DA:22,3
DA:24,1
LF:8
LH:8
end_of_record
SF:lib/socle/plateforme/information_reseau_internet_impl.dart
DA:8,1
DA:10,1
DA:11,2
LF:3
LH:3
end_of_record
SF:lib/main.dart
DA:3,0
DA:7,1
DA:9,1
DA:11,1
DA:23,1
DA:29,2
DA:42,1
DA:43,1
DA:49,1
DA:50,2
DA:56,2
DA:60,1
DA:68,1
DA:69,1
DA:72,3
DA:74,1
DA:77,1
DA:93,1
DA:94,1
DA:97,1
DA:98,2
DA:99,3
DA:104,1
DA:105,1
DA:107,1
LF:25
LH:24
end_of_record
